<?xml version="1.0" encoding="UTF-8"?>
<!-- Generated by org.testng.reporters.JUnitReportReporter -->
<testsuite hostname="DELC02N11GPFD57.sea.corp.expecn.com" name="com.rawatJi.htmlunit_Driver" tests="1" failures="0" timestamp="3 Sep 2016 02:38:42 GMT" time="0.773" errors="1">
  <testcase name="test1" time="0.773" classname="com.rawatJi.htmlunit_Driver">
    <error type="org.openqa.selenium.WebDriverException" message="com.gargoylesoftware.htmlunit.ObjectInstantiationException: unable to create HTML parser
Build info: version: &#039;unknown&#039;, revision: &#039;31c43c8&#039;, time: &#039;2016-08-02 21:57:56 -0700&#039;
System info: host: &#039;DELC02N11GPFD57.sea.corp.expecn.com&#039;, ip: &#039;127.0.0.1&#039;, os.name: &#039;Mac OS X&#039;, os.arch: &#039;x86_64&#039;, os.version: &#039;10.11.6&#039;, java.version: &#039;1.8.0_73&#039;
Driver info: driver.version: htmlunit_Driver">
      <![CDATA[org.openqa.selenium.WebDriverException: com.gargoylesoftware.htmlunit.ObjectInstantiationException: unable to create HTML parser
Build info: version: 'unknown', revision: '31c43c8', time: '2016-08-02 21:57:56 -0700'
System info: host: 'DELC02N11GPFD57.sea.corp.expecn.com', ip: '127.0.0.1', os.name: 'Mac OS X', os.arch: 'x86_64', os.version: '10.11.6', java.version: '1.8.0_73'
Driver info: driver.version: htmlunit_Driver
	at org.openqa.selenium.htmlunit.HtmlUnitDriver.get(HtmlUnitDriver.java:554)
	at org.openqa.selenium.htmlunit.HtmlUnitDriver.get(HtmlUnitDriver.java:519)
	at org.openqa.selenium.htmlunit.HtmlUnitDriver.<init>(HtmlUnitDriver.java:229)
	at org.openqa.selenium.htmlunit.HtmlUnitDriver.<init>(HtmlUnitDriver.java:248)
	at com.rawatJi.htmlunit_Driver.test1(htmlunit_Driver.java:40)
	at sun.reflect.NativeMethodAccessorImpl.invoke0(Native Method)
	at sun.reflect.NativeMethodAccessorImpl.invoke(NativeMethodAccessorImpl.java:62)
	at sun.reflect.DelegatingMethodAccessorImpl.invoke(DelegatingMethodAccessorImpl.java:43)
	at java.lang.reflect.Method.invoke(Method.java:497)
	at org.testng.internal.MethodInvocationHelper.invokeMethod(MethodInvocationHelper.java:85)
	at org.testng.internal.Invoker.invokeMethod(Invoker.java:639)
	at org.testng.internal.Invoker.invokeTestMethod(Invoker.java:816)
	at org.testng.internal.Invoker.invokeTestMethods(Invoker.java:1124)
	at org.testng.internal.TestMethodWorker.invokeTestMethods(TestMethodWorker.java:125)
	at org.testng.internal.TestMethodWorker.run(TestMethodWorker.java:108)
	at org.testng.TestRunner.privateRun(TestRunner.java:774)
	at org.testng.TestRunner.run(TestRunner.java:624)
	at org.testng.SuiteRunner.runTest(SuiteRunner.java:359)
	at org.testng.SuiteRunner.runSequentially(SuiteRunner.java:354)
	at org.testng.SuiteRunner.privateRun(SuiteRunner.java:312)
	at org.testng.SuiteRunner.run(SuiteRunner.java:261)
	at org.testng.SuiteRunnerWorker.runSuite(SuiteRunnerWorker.java:52)
	at org.testng.SuiteRunnerWorker.run(SuiteRunnerWorker.java:86)
	at org.testng.TestNG.runSuitesSequentially(TestNG.java:1215)
	at org.testng.TestNG.runSuitesLocally(TestNG.java:1140)
	at org.testng.TestNG.run(TestNG.java:1048)
	at org.testng.remote.AbstractRemoteTestNG.run(AbstractRemoteTestNG.java:126)
	at org.testng.remote.RemoteTestNG.initAndRun(RemoteTestNG.java:172)
	at org.testng.remote.RemoteTestNG.main(RemoteTestNG.java:77)
Caused by: com.gargoylesoftware.htmlunit.ObjectInstantiationException: unable to create HTML parser
	at com.gargoylesoftware.htmlunit.html.HTMLParser$HtmlUnitDOMBuilder.<init>(HTMLParser.java:471)
	at com.gargoylesoftware.htmlunit.html.HTMLParser$HtmlUnitDOMBuilder.<init>(HTMLParser.java:389)
	at com.gargoylesoftware.htmlunit.html.HTMLParser.parse(HTMLParser.java:224)
	at com.gargoylesoftware.htmlunit.html.HTMLParser.parseHtml(HTMLParser.java:199)
	at com.gargoylesoftware.htmlunit.DefaultPageCreator.createHtmlPage(DefaultPageCreator.java:272)
	at com.gargoylesoftware.htmlunit.DefaultPageCreator.createPage(DefaultPageCreator.java:160)
	at com.gargoylesoftware.htmlunit.WebClient.loadWebResponseInto(WebClient.java:476)
	at com.gargoylesoftware.htmlunit.WebClient.getPage(WebClient.java:350)
	at com.gargoylesoftware.htmlunit.WebClient.getPage(WebClient.java:415)
	at org.openqa.selenium.htmlunit.HtmlUnitDriver.get(HtmlUnitDriver.java:541)
	... 28 more
Caused by: org.xml.sax.SAXNotRecognizedException: Feature 'http://cyberneko.org/html/features/parse-noscript-content' is not recognized.
	at org.apache.xerces.parsers.AbstractSAXParser.setFeature(Unknown Source)
	at com.gargoylesoftware.htmlunit.html.HTMLParser$HtmlUnitDOMBuilder.<init>(HTMLParser.java:463)
	... 37 more
]]>
    </error>
  </testcase> <!-- test1 -->
</testsuite> <!-- com.rawatJi.htmlunit_Driver -->
